<?xml version="1.0" encoding="UTF-8"?>
<!-- Generated by org.testng.reporters.JUnitReportReporter -->
<testsuite hostname="DESKTOP-5TGPPB9" failures="0" tests="1" name="com.inetBanking.testCases.TC_AddCustomerTest_003" time="24.211" errors="0" timestamp="2022-03-03T11:09:27 IST" skipped="0">
  <testcase classname="com.inetBanking.testCases.TC_AddCustomerTest_003" name="addNewCustomer" time="24.211"/>
  <system-out/>
</testsuite> <!-- com.inetBanking.testCases.TC_AddCustomerTest_003 -->
